# JRE version: Java(TM) SE Runtime Environment (8.0_131-b11) (build 1.8.0_131-b11)
# Java VM: Java HotSpot(TM) 64-Bit Server VM (25.131-b11 mixed mode windows-amd64 compressed oops)
Heap:
 PSYoungGen      total 139264K, used 39076K [0x00000000d5f00000, 0x00000000e1700000, 0x0000000100000000)
  eden space 130560K, 23% used [0x00000000d5f00000,0x00000000d7cadd08,0x00000000dde80000)
  from space 8704K, 99% used [0x00000000dde80000,0x00000000de6fb320,0x00000000de700000)
  to   space 10752K, 0% used [0x00000000e0c80000,0x00000000e0c80000,0x00000000e1700000)
 ParOldGen       total 57344K, used 9574K [0x0000000081c00000, 0x0000000085400000, 0x00000000d5f00000)
  object space 57344K, 16% used [0x0000000081c00000,0x0000000082559a38,0x0000000085400000)
 Metaspace       used 32287K, capacity 34405K, committed 34560K, reserved 1079296K
  class space    used 4335K, capacity 4751K, committed 4864K, reserved 1048576K
GC Heap History (10 events):
Event: 10.347 GC heap before
{Heap before GC invocations=4 (full 0):
 PSYoungGen      total 38400K, used 38377K [0x00000000d5f00000, 0x00000000daa00000, 0x0000000100000000)
  eden space 33280K, 100% used [0x00000000d5f00000,0x00000000d7f80000,0x00000000d7f80000)
  from space 5120K, 99% used [0x00000000d7f80000,0x00000000d847a6f8,0x00000000d8480000)
  to   space 5120K, 0% used [0x00000000da500000,0x00000000da500000,0x00000000daa00000)
 ParOldGen       total 87552K, used 2904K [0x0000000081c00000, 0x0000000087180000, 0x00000000d5f00000)
  object space 87552K, 3% used [0x0000000081c00000,0x0000000081ed6058,0x0000000087180000)
 Metaspace       used 19133K, capacity 20132K, committed 20224K, reserved 1067008K
  class space    used 2523K, capacity 2763K, committed 2816K, reserved 1048576K
Event: 10.363 GC heap after
Heap after GC invocations=4 (full 0):
 PSYoungGen      total 71680K, used 5117K [0x00000000d5f00000, 0x00000000daa00000, 0x0000000100000000)
  eden space 66560K, 0% used [0x00000000d5f00000,0x00000000d5f00000,0x00000000da000000)
  from space 5120K, 99% used [0x00000000da500000,0x00000000da9ff648,0x00000000daa00000)
  to   space 5120K, 0% used [0x00000000da000000,0x00000000da000000,0x00000000da500000)
 ParOldGen       total 87552K, used 5559K [0x0000000081c00000, 0x0000000087180000, 0x00000000d5f00000)
  object space 87552K, 6% used [0x0000000081c00000,0x000000008216dff8,0x0000000087180000)
 Metaspace       used 19133K, capacity 20132K, committed 20224K, reserved 1067008K
  class space    used 2523K, capacity 2763K, committed 2816K, reserved 1048576K
}
Event: 10.852 GC heap before
{Heap before GC invocations=5 (full 0):
 PSYoungGen      total 71680K, used 26234K [0x00000000d5f00000, 0x00000000daa00000, 0x0000000100000000)
  eden space 66560K, 31% used [0x00000000d5f00000,0x00000000d739f478,0x00000000da000000)
  from space 5120K, 99% used [0x00000000da500000,0x00000000da9ff648,0x00000000daa00000)
  to   space 5120K, 0% used [0x00000000da000000,0x00000000da000000,0x00000000da500000)
 ParOldGen       total 87552K, used 5559K [0x0000000081c00000, 0x0000000087180000, 0x00000000d5f00000)
  object space 87552K, 6% used [0x0000000081c00000,0x000000008216dff8,0x0000000087180000)
 Metaspace       used 20196K, capacity 21243K, committed 21296K, reserved 1067008K
  class space    used 2644K, capacity 2891K, committed 2944K, reserved 1048576K
Event: 10.873 GC heap after
Heap after GC invocations=5 (full 0):
 PSYoungGen      total 71680K, used 5102K [0x00000000d5f00000, 0x00000000df300000, 0x0000000100000000)
  eden space 66560K, 0% used [0x00000000d5f00000,0x00000000d5f00000,0x00000000da000000)
  from space 5120K, 99% used [0x00000000da000000,0x00000000da4fbbb0,0x00000000da500000)
  to   space 9216K, 0% used [0x00000000dea00000,0x00000000dea00000,0x00000000df300000)
 ParOldGen       total 87552K, used 7631K [0x0000000081c00000, 0x0000000087180000, 0x00000000d5f00000)
  object space 87552K, 8% used [0x0000000081c00000,0x0000000082373d68,0x0000000087180000)
 Metaspace       used 20196K, capacity 21243K, committed 21296K, reserved 1067008K
  class space    used 2644K, capacity 2891K, committed 2944K, reserved 1048576K
}
Event: 10.874 GC heap before
{Heap before GC invocations=6 (full 1):
 PSYoungGen      total 71680K, used 5102K [0x00000000d5f00000, 0x00000000df300000, 0x0000000100000000)
  eden space 66560K, 0% used [0x00000000d5f00000,0x00000000d5f00000,0x00000000da000000)
  from space 5120K, 99% used [0x00000000da000000,0x00000000da4fbbb0,0x00000000da500000)
  to   space 9216K, 0% used [0x00000000dea00000,0x00000000dea00000,0x00000000df300000)
 ParOldGen       total 87552K, used 7631K [0x0000000081c00000, 0x0000000087180000, 0x00000000d5f00000)
  object space 87552K, 8% used [0x0000000081c00000,0x0000000082373d68,0x0000000087180000)
 Metaspace       used 20196K, capacity 21243K, committed 21296K, reserved 1067008K
  class space    used 2644K, capacity 2891K, committed 2944K, reserved 1048576K
Event: 11.016 GC heap after
Heap after GC invocations=6 (full 1):
 PSYoungGen      total 71680K, used 0K [0x00000000d5f00000, 0x00000000df300000, 0x0000000100000000)
  eden space 66560K, 0% used [0x00000000d5f00000,0x00000000d5f00000,0x00000000da000000)
  from space 5120K, 0% used [0x00000000da000000,0x00000000da000000,0x00000000da500000)
  to   space 9216K, 0% used [0x00000000dea00000,0x00000000dea00000,0x00000000df300000)
 ParOldGen       total 57344K, used 7339K [0x0000000081c00000, 0x0000000085400000, 0x00000000d5f00000)
  object space 57344K, 12% used [0x0000000081c00000,0x000000008232ade8,0x0000000085400000)
 Metaspace       used 20196K, capacity 21243K, committed 21296K, reserved 1067008K
  class space    used 2644K, capacity 2891K, committed 2944K, reserved 1048576K
}
Event: 13.052 GC heap before
{Heap before GC invocations=7 (full 1):
 PSYoungGen      total 71680K, used 66560K [0x00000000d5f00000, 0x00000000df300000, 0x0000000100000000)
  eden space 66560K, 100% used [0x00000000d5f00000,0x00000000da000000,0x00000000da000000)
  from space 5120K, 0% used [0x00000000da000000,0x00000000da000000,0x00000000da500000)
  to   space 9216K, 0% used [0x00000000dea00000,0x00000000dea00000,0x00000000df300000)
 ParOldGen       total 57344K, used 7339K [0x0000000081c00000, 0x0000000085400000, 0x00000000d5f00000)
  object space 57344K, 12% used [0x0000000081c00000,0x000000008232ade8,0x0000000085400000)
 Metaspace       used 22960K, capacity 24263K, committed 24448K, reserved 1071104K
  class space    used 3032K, capacity 3340K, committed 3456K, reserved 1048576K
Event: 13.091 GC heap after
Heap after GC invocations=7 (full 1):
 PSYoungGen      total 113152K, used 5610K [0x00000000d5f00000, 0x00000000def80000, 0x0000000100000000)
  eden space 107520K, 0% used [0x00000000d5f00000,0x00000000d5f00000,0x00000000dc800000)
  from space 5632K, 99% used [0x00000000dea00000,0x00000000def7a998,0x00000000def80000)
  to   space 8704K, 0% used [0x00000000dde80000,0x00000000dde80000,0x00000000de700000)
 ParOldGen       total 57344K, used 7347K [0x0000000081c00000, 0x0000000085400000, 0x00000000d5f00000)
  object space 57344K, 12% used [0x0000000081c00000,0x000000008232cde8,0x0000000085400000)
 Metaspace       used 22960K, capacity 24263K, committed 24448K, reserved 1071104K
  class space    used 3032K, capacity 3340K, committed 3456K, reserved 1048576K
}
Event: 19.471 GC heap before
{Heap before GC invocations=8 (full 1):
 PSYoungGen      total 113152K, used 113130K [0x00000000d5f00000, 0x00000000def80000, 0x0000000100000000)
  eden space 107520K, 100% used [0x00000000d5f00000,0x00000000dc800000,0x00000000dc800000)
  from space 5632K, 99% used [0x00000000dea00000,0x00000000def7a998,0x00000000def80000)
  to   space 8704K, 0% used [0x00000000dde80000,0x00000000dde80000,0x00000000de700000)
 ParOldGen       total 57344K, used 7347K [0x0000000081c00000, 0x0000000085400000, 0x00000000d5f00000)
  object space 57344K, 12% used [0x0000000081c00000,0x000000008232cde8,0x0000000085400000)
 Metaspace       used 29658K, capacity 31711K, committed 31744K, reserved 1077248K
  class space    used 3964K, capacity 4340K, committed 4352K, reserved 1048576K
Event: 19.492 GC heap after
Heap after GC invocations=8 (full 1):
 PSYoungGen      total 139264K, used 8684K [0x00000000d5f00000, 0x00000000e1700000, 0x0000000100000000)
  eden space 130560K, 0% used [0x00000000d5f00000,0x00000000d5f00000,0x00000000dde80000)
  from space 8704K, 99% used [0x00000000dde80000,0x00000000de6fb320,0x00000000de700000)
  to   space 10752K, 0% used [0x00000000e0c80000,0x00000000e0c80000,0x00000000e1700000)
 ParOldGen       total 57344K, used 9574K [0x0000000081c00000, 0x0000000085400000, 0x00000000d5f00000)
  object space 57344K, 16% used [0x0000000081c00000,0x0000000082559a38,0x0000000085400000)
 Metaspace       used 29658K, capacity 31711K, committed 31744K, reserved 1077248K
  class space    used 3964K, capacity 4340K, committed 4352K, reserved 1048576K
}

